  [1m[35m (259.5ms)[0m  [1m[35mCREATE DATABASE "ceuTracker_api_development" ENCODING = 'unicode'[0m
  [1m[35m (132.4ms)[0m  [1m[35mCREATE DATABASE "ceuTracker_api_test" ENCODING = 'unicode'[0m
  [1m[35m (29.7ms)[0m  [1m[35mCREATE TABLE "schema_migrations" ("version" character varying NOT NULL PRIMARY KEY)[0m
  [1m[35m (3.6ms)[0m  [1m[35mCREATE TABLE "ar_internal_metadata" ("key" character varying NOT NULL PRIMARY KEY, "value" character varying, "created_at" timestamp(6) NOT NULL, "updated_at" timestamp(6) NOT NULL)[0m
  [1m[35m (0.4ms)[0m  [1m[34mSELECT pg_try_advisory_lock(8545643807710450350)[0m
  [1m[35m (0.6ms)[0m  [1m[34mSELECT "schema_migrations"."version" FROM "schema_migrations" ORDER BY "schema_migrations"."version" ASC[0m
Migrating to CreateClients (20200406160113)
  [1m[35m (0.1ms)[0m  [1m[35mBEGIN[0m
  [1m[35m (6.1ms)[0m  [1m[35mCREATE TABLE "clients" ("id" bigserial primary key, "f_name" character varying, "l_name" character varying, "birth_month" integer, "birth_day" integer, "birth_year" integer, "license" character varying, "created_at" timestamp(6) NOT NULL, "updated_at" timestamp(6) NOT NULL)[0m
  [1m[36mprimary::SchemaMigration Create (0.5ms)[0m  [1m[32mINSERT INTO "schema_migrations" ("version") VALUES ($1) RETURNING "version"[0m  [["version", "20200406160113"]]
  [1m[35m (0.4ms)[0m  [1m[35mCOMMIT[0m
Migrating to CreateCeus (20200406160907)
  [1m[35m (0.3ms)[0m  [1m[35mBEGIN[0m
  [1m[35m (2.8ms)[0m  [1m[35mCREATE TABLE "ceus" ("id" bigserial primary key, "title" character varying, "number" character varying, "hours" float, "state" character varying, "instructor_name" character varying, "provider_name" character varying, "created_at" timestamp(6) NOT NULL, "updated_at" timestamp(6) NOT NULL)[0m
  [1m[36mprimary::SchemaMigration Create (0.2ms)[0m  [1m[32mINSERT INTO "schema_migrations" ("version") VALUES ($1) RETURNING "version"[0m  [["version", "20200406160907"]]
  [1m[35m (0.5ms)[0m  [1m[35mCOMMIT[0m
Migrating to CreateUsers (20200406163557)
  [1m[35m (0.2ms)[0m  [1m[35mBEGIN[0m
  [1m[35m (3.3ms)[0m  [1m[35mCREATE TABLE "users" ("id" bigserial primary key, "username" character varying, "password_digest" character varying, "created_at" timestamp(6) NOT NULL, "updated_at" timestamp(6) NOT NULL)[0m
  [1m[36mprimary::SchemaMigration Create (0.2ms)[0m  [1m[32mINSERT INTO "schema_migrations" ("version") VALUES ($1) RETURNING "version"[0m  [["version", "20200406163557"]]
  [1m[35m (0.4ms)[0m  [1m[35mCOMMIT[0m
  [1m[36mActiveRecord::InternalMetadata Load (0.4ms)[0m  [1m[34mSELECT "ar_internal_metadata".* FROM "ar_internal_metadata" WHERE "ar_internal_metadata"."key" = $1 LIMIT $2[0m  [["key", "environment"], ["LIMIT", 1]]
  [1m[35m (0.1ms)[0m  [1m[35mBEGIN[0m
  [1m[36mActiveRecord::InternalMetadata Create (1.0ms)[0m  [1m[32mINSERT INTO "ar_internal_metadata" ("key", "value", "created_at", "updated_at") VALUES ($1, $2, $3, $4) RETURNING "key"[0m  [["key", "environment"], ["value", "development"], ["created_at", "2020-04-06 16:37:34.783288"], ["updated_at", "2020-04-06 16:37:34.783288"]]
  [1m[35m (0.3ms)[0m  [1m[35mCOMMIT[0m
  [1m[35m (0.2ms)[0m  [1m[34mSELECT pg_advisory_unlock(8545643807710450350)[0m
  [1m[35m (0.7ms)[0m  [1m[34mSELECT "schema_migrations"."version" FROM "schema_migrations" ORDER BY "schema_migrations"."version" ASC[0m
Started GET "/" for ::1 at 2020-04-06 14:38:50 -0400
  [1m[35m (0.6ms)[0m  [1m[34mSELECT "schema_migrations"."version" FROM "schema_migrations" ORDER BY "schema_migrations"."version" ASC[0m
Processing by Rails::WelcomeController#index as HTML
  Rendering /Library/Ruby/Gems/2.6.0/gems/railties-6.0.2.2/lib/rails/templates/rails/welcome/index.html.erb
  Rendered /Library/Ruby/Gems/2.6.0/gems/railties-6.0.2.2/lib/rails/templates/rails/welcome/index.html.erb (Duration: 8.4ms | Allocations: 478)
Completed 200 OK in 19ms (Views: 14.9ms | ActiveRecord: 0.0ms | Allocations: 2621)


Started GET "/users" for ::1 at 2020-04-06 14:38:55 -0400
Processing by UsersController#index as HTML
  [1m[36mUser Load (0.6ms)[0m  [1m[34mSELECT "users".* FROM "users"[0m
  ↳ app/controllers/users_controller.rb:8:in `index'
Completed 200 OK in 7ms (Views: 1.9ms | ActiveRecord: 1.8ms | Allocations: 1856)


Started GET "/users" for ::1 at 2020-04-06 14:41:02 -0400
  [1m[35m (1.0ms)[0m  [1m[34mSELECT "schema_migrations"."version" FROM "schema_migrations" ORDER BY "schema_migrations"."version" ASC[0m
Processing by UsersController#index as HTML
  [1m[36mUser Load (0.5ms)[0m  [1m[34mSELECT "users".* FROM "users"[0m
  ↳ app/controllers/users_controller.rb:8:in `index'
Completed 200 OK in 5ms (Views: 1.8ms | ActiveRecord: 2.0ms | Allocations: 1758)


Started GET "/users" for ::1 at 2020-04-06 14:43:19 -0400
  [1m[35m (0.7ms)[0m  [1m[34mSELECT "schema_migrations"."version" FROM "schema_migrations" ORDER BY "schema_migrations"."version" ASC[0m
Processing by UsersController#index as HTML
  [1m[36mUser Load (0.7ms)[0m  [1m[34mSELECT "users".* FROM "users"[0m
  ↳ app/controllers/users_controller.rb:8:in `index'
Completed 200 OK in 6ms (Views: 2.0ms | ActiveRecord: 2.4ms | Allocations: 1758)


  [1m[35m (0.2ms)[0m  [1m[34mSELECT pg_try_advisory_lock(8545643807710450350)[0m
  [1m[35m (0.7ms)[0m  [1m[34mSELECT "schema_migrations"."version" FROM "schema_migrations" ORDER BY "schema_migrations"."version" ASC[0m
  [1m[36mActiveRecord::InternalMetadata Load (0.4ms)[0m  [1m[34mSELECT "ar_internal_metadata".* FROM "ar_internal_metadata" WHERE "ar_internal_metadata"."key" = $1 LIMIT $2[0m  [["key", "environment"], ["LIMIT", 1]]
  [1m[35m (0.2ms)[0m  [1m[34mSELECT pg_advisory_unlock(8545643807710450350)[0m
  [1m[35m (0.6ms)[0m  [1m[34mSELECT "schema_migrations"."version" FROM "schema_migrations" ORDER BY "schema_migrations"."version" ASC[0m
Started POST "/users" for ::1 at 2020-04-06 14:54:10 -0400
Processing by UsersController#create as */*
  Parameters: {"user"=>{"username"=>"Admin", "password"=>"[FILTERED]"}}
[31mUnpermitted parameter: :password[0m
Completed 422 Unprocessable Entity in 21ms (Views: 0.2ms | ActiveRecord: 4.5ms | Allocations: 7385)


Started POST "/users" for ::1 at 2020-04-06 14:55:14 -0400
Processing by UsersController#create as */*
  Parameters: {"user"=>{"username"=>"'Admin'", "password"=>"[FILTERED]"}}
[31mUnpermitted parameter: :password[0m
Completed 422 Unprocessable Entity in 2ms (Views: 0.3ms | ActiveRecord: 0.0ms | Allocations: 652)


Started POST "/users" for ::1 at 2020-04-06 14:55:39 -0400
Processing by UsersController#create as */*
  Parameters: {"users"=>{"username"=>"Admin", "password"=>"[FILTERED]"}}
Completed 400 Bad Request in 1ms (ActiveRecord: 0.0ms | Allocations: 130)


  
ActionController::ParameterMissing (param is missing or the value is empty: user):
  
app/controllers/users_controller.rb:59:in `user_params'
app/controllers/users_controller.rb:28:in `create'
Started POST "/users" for ::1 at 2020-04-06 14:56:45 -0400
Processing by UsersController#create as */*
  Parameters: {"User"=>{"username"=>"Admin", "password"=>"[FILTERED]"}}
Completed 400 Bad Request in 0ms (ActiveRecord: 0.0ms | Allocations: 122)


  
ActionController::ParameterMissing (param is missing or the value is empty: user):
  
app/controllers/users_controller.rb:59:in `user_params'
app/controllers/users_controller.rb:28:in `create'
  [1m[35m (0.2ms)[0m  [1m[35mBEGIN[0m
  [1m[36mUser Exists? (0.6ms)[0m  [1m[34mSELECT 1 AS one FROM "users" WHERE "users"."username" = $1 LIMIT $2[0m  [["username", "Admin"], ["LIMIT", 1]]
  [1m[36mUser Create (2.3ms)[0m  [1m[32mINSERT INTO "users" ("username", "password_digest", "created_at", "updated_at") VALUES ($1, $2, $3, $4) RETURNING "id"[0m  [["username", "Admin"], ["password_digest", "$2a$12$MviKu/GdZqqHwXZu/0gYT.Ld/GLm40/UthNxIKDbdW1Gvw4.hg7Ee"], ["created_at", "2020-04-06 19:28:31.979314"], ["updated_at", "2020-04-06 19:28:31.979314"]]
  [1m[35m (0.6ms)[0m  [1m[35mCOMMIT[0m
  [1m[35m (0.2ms)[0m  [1m[35mBEGIN[0m
  [1m[36mUser Exists? (0.5ms)[0m  [1m[34mSELECT 1 AS one FROM "users" WHERE "users"."username" = $1 AND "users"."id" != $2 LIMIT $3[0m  [["username", "Admin"], ["id", 1], ["LIMIT", 1]]
  [1m[35m (0.3ms)[0m  [1m[35mCOMMIT[0m
Started GET "/users" for ::1 at 2020-04-06 15:29:22 -0400
  [1m[35m (0.7ms)[0m  [1m[34mSELECT "schema_migrations"."version" FROM "schema_migrations" ORDER BY "schema_migrations"."version" ASC[0m
Processing by UsersController#index as HTML
  [1m[36mUser Load (0.6ms)[0m  [1m[34mSELECT "users".* FROM "users"[0m
  ↳ app/controllers/users_controller.rb:8:in `index'
Completed 200 OK in 12ms (Views: 6.2ms | ActiveRecord: 4.3ms | Allocations: 5028)


Started POST "/users" for ::1 at 2020-04-06 15:34:42 -0400
Processing by UsersController#create as */*
  Parameters: {"user"=>{"username"=>"Admin", "password"=>"[FILTERED]"}}
[31mUnpermitted parameter: :password[0m
  [1m[35m (0.2ms)[0m  [1m[35mBEGIN[0m
  ↳ app/controllers/users_controller.rb:30:in `create'
  [1m[36mUser Exists? (0.4ms)[0m  [1m[34mSELECT 1 AS one FROM "users" WHERE "users"."username" = $1 LIMIT $2[0m  [["username", "Admin"], ["LIMIT", 1]]
  ↳ app/controllers/users_controller.rb:30:in `create'
  [1m[35m (0.1ms)[0m  [1m[31mROLLBACK[0m
  ↳ app/controllers/users_controller.rb:30:in `create'
Completed 422 Unprocessable Entity in 19ms (Views: 0.2ms | ActiveRecord: 5.3ms | Allocations: 8900)


Started POST "/users/login" for ::1 at 2020-04-06 15:35:36 -0400
Processing by UsersController#login as */*
  Parameters: {"user"=>{"username"=>"Admin", "password"=>"[FILTERED]"}}
  [1m[36mUser Load (0.2ms)[0m  [1m[34mSELECT "users".* FROM "users" WHERE "users"."username" = $1 LIMIT $2[0m  [["username", "Admin"], ["LIMIT", 1]]
  ↳ app/controllers/users_controller.rb:18:in `login'
Completed 200 OK in 253ms (Views: 0.4ms | ActiveRecord: 0.6ms | Allocations: 938)


Started POST "/users/login" for ::1 at 2020-04-06 16:01:01 -0400
  [1m[35m (0.6ms)[0m  [1m[34mSELECT "schema_migrations"."version" FROM "schema_migrations" ORDER BY "schema_migrations"."version" ASC[0m
Processing by UsersController#login as */*
  Parameters: {"user"=>{"username"=>"Admin", "password"=>"[FILTERED]"}}
  [1m[36mUser Load (0.6ms)[0m  [1m[34mSELECT "users".* FROM "users" WHERE "users"."username" = $1 LIMIT $2[0m  [["username", "Admin"], ["LIMIT", 1]]
  ↳ app/controllers/users_controller.rb:18:in `login'
Completed 200 OK in 280ms (Views: 0.5ms | ActiveRecord: 5.0ms | Allocations: 5472)


Started GET "/users" for ::1 at 2020-04-06 16:04:49 -0400
Processing by UsersController#index as HTML
  [1m[36mUser Load (0.3ms)[0m  [1m[34mSELECT "users".* FROM "users"[0m
  ↳ app/controllers/users_controller.rb:9:in `index'
Completed 200 OK in 11ms (Views: 6.7ms | ActiveRecord: 2.8ms | Allocations: 4599)


Started GET "/users" for ::1 at 2020-04-06 16:06:11 -0400
Processing by UsersController#index as HTML
Completed 500 Internal Server Error in 156ms (ActiveRecord: 0.0ms | Allocations: 69786)


  
NameError (undefined local variable or method `bearer_token' for #<UsersController:0x00007fcae4cbedf8>):
  
app/controllers/application_controller.rb:4:in `authenticate_token'
Started GET "/users" for ::1 at 2020-04-06 16:07:22 -0400
Processing by UsersController#index as HTML
Filter chain halted as :authenticate_token rendered or redirected
Completed 200 OK in 1ms (Views: 0.2ms | ActiveRecord: 0.0ms | Allocations: 174)


Started POST "/users/login" for ::1 at 2020-04-06 16:07:59 -0400
Processing by UsersController#login as */*
  Parameters: {"user"=>{"username"=>"Admin", "password"=>"[FILTERED]"}}
  [1m[36mUser Load (0.3ms)[0m  [1m[34mSELECT "users".* FROM "users" WHERE "users"."username" = $1 LIMIT $2[0m  [["username", "Admin"], ["LIMIT", 1]]
  ↳ app/controllers/users_controller.rb:19:in `login'
Completed 200 OK in 272ms (Views: 0.4ms | ActiveRecord: 3.7ms | Allocations: 6040)


Started GET "/users" for ::1 at 2020-04-06 16:08:30 -0400
Processing by UsersController#index as HTML
Filter chain halted as :authenticate_token rendered or redirected
Completed 200 OK in 0ms (Views: 0.2ms | ActiveRecord: 0.0ms | Allocations: 128)


Started POST "/users/login" for ::1 at 2020-04-06 16:09:23 -0400
Processing by UsersController#login as */*
  Parameters: {"user"=>{"username"=>"", "password"=>"[FILTERED]"}}
  [1m[36mUser Load (0.4ms)[0m  [1m[34mSELECT "users".* FROM "users" WHERE "users"."username" = $1 LIMIT $2[0m  [["username", ""], ["LIMIT", 1]]
  ↳ app/controllers/users_controller.rb:19:in `login'
Completed 200 OK in 3ms (Views: 0.2ms | ActiveRecord: 0.4ms | Allocations: 653)


Started POST "/users" for ::1 at 2020-04-06 16:10:50 -0400
Processing by UsersController#create as */*
  Parameters: {"user"=>{"username"=>"", "password"=>"[FILTERED]"}}
[31mUnpermitted parameter: :password[0m
  [1m[35m (0.2ms)[0m  [1m[35mBEGIN[0m
  ↳ app/controllers/users_controller.rb:32:in `create'
  [1m[36mUser Exists? (0.6ms)[0m  [1m[34mSELECT 1 AS one FROM "users" WHERE "users"."username" = $1 LIMIT $2[0m  [["username", ""], ["LIMIT", 1]]
  ↳ app/controllers/users_controller.rb:32:in `create'
  [1m[35m (0.2ms)[0m  [1m[31mROLLBACK[0m
  ↳ app/controllers/users_controller.rb:32:in `create'
Completed 422 Unprocessable Entity in 13ms (Views: 0.3ms | ActiveRecord: 1.0ms | Allocations: 4934)


Started POST "/users" for ::1 at 2020-04-06 16:11:22 -0400
Processing by UsersController#create as */*
  Parameters: {"user"=>{"username"=>"someone", "password"=>"[FILTERED]"}}
[31mUnpermitted parameter: :password[0m
  [1m[35m (0.5ms)[0m  [1m[35mBEGIN[0m
  ↳ app/controllers/users_controller.rb:32:in `create'
  [1m[36mUser Exists? (0.8ms)[0m  [1m[34mSELECT 1 AS one FROM "users" WHERE "users"."username" = $1 LIMIT $2[0m  [["username", "someone"], ["LIMIT", 1]]
  ↳ app/controllers/users_controller.rb:32:in `create'
  [1m[35m (0.5ms)[0m  [1m[31mROLLBACK[0m
  ↳ app/controllers/users_controller.rb:32:in `create'
Completed 422 Unprocessable Entity in 9ms (Views: 0.2ms | ActiveRecord: 1.7ms | Allocations: 3137)


Started GET "/users" for ::1 at 2020-04-06 16:12:19 -0400
Processing by UsersController#index as */*
  Parameters: {"user"=>{"username"=>"someone", "password"=>"[FILTERED]"}}
Filter chain halted as :authenticate_token rendered or redirected
Completed 200 OK in 1ms (Views: 0.2ms | ActiveRecord: 0.0ms | Allocations: 126)


Started GET "/users" for ::1 at 2020-04-06 16:14:51 -0400
Processing by UsersController#index as */*
  Parameters: {"user"=>{"username"=>"someone", "password"=>"[FILTERED]"}}
Filter chain halted as :authenticate_token rendered or redirected
Completed 200 OK in 1ms (Views: 0.2ms | ActiveRecord: 0.0ms | Allocations: 175)


Started GET "/users" for ::1 at 2020-04-06 16:15:55 -0400
Processing by UsersController#index as */*
  Parameters: {"user"=>{"username"=>"someone", "password"=>"[FILTERED]"}}
Filter chain halted as :authenticate_token rendered or redirected
Completed 200 OK in 0ms (Views: 0.2ms | ActiveRecord: 0.0ms | Allocations: 175)


Started GET "/users" for ::1 at 2020-04-06 16:17:04 -0400
Processing by UsersController#index as */*
  Parameters: {"user"=>{"username"=>"someone", "password"=>"[FILTERED]"}}
Completed 500 Internal Server Error in 3ms (ActiveRecord: 0.0ms | Allocations: 152)


  
Errno::ENOENT (No such file or directory - DECODE):
  
app/controllers/application_controller.rb:16:in ``'
app/controllers/application_controller.rb:16:in `decode_token'
app/controllers/application_controller.rb:4:in `authenticate_token'
Started GET "/users" for ::1 at 2020-04-06 16:17:30 -0400
Processing by UsersController#index as */*
  Parameters: {"user"=>{"username"=>"someone", "password"=>"[FILTERED]"}}
Filter chain halted as :authenticate_token rendered or redirected
Completed 200 OK in 1ms (Views: 0.3ms | ActiveRecord: 0.0ms | Allocations: 178)


Started GET "/users" for ::1 at 2020-04-06 16:18:30 -0400
Processing by UsersController#index as */*
  Parameters: {"user"=>{"username"=>"someone", "password"=>"[FILTERED]"}}
Filter chain halted as :authenticate_token rendered or redirected
Completed 200 OK in 0ms (Views: 0.1ms | ActiveRecord: 0.0ms | Allocations: 175)


Started GET "/users" for ::1 at 2020-04-06 16:23:49 -0400
Processing by UsersController#index as */*
  Parameters: {"user"=>{"username"=>"someone", "password"=>"[FILTERED]"}}
Filter chain halted as :authenticate_token rendered or redirected
Completed 200 OK in 0ms (Views: 0.2ms | ActiveRecord: 0.0ms | Allocations: 178)


Started GET "/users" for ::1 at 2020-04-06 16:26:19 -0400
Processing by UsersController#index as */*
  Parameters: {"user"=>{"username"=>"someone", "password"=>"[FILTERED]"}}
Filter chain halted as :authenticate_token rendered or redirected
Completed 200 OK in 2ms (Views: 0.4ms | ActiveRecord: 0.0ms | Allocations: 381)


Started GET "/users" for ::1 at 2020-04-06 16:30:51 -0400
Processing by UsersController#index as */*
  Parameters: {"user"=>{"username"=>"someone", "password"=>"[FILTERED]"}}
  [1m[36mUser Load (0.3ms)[0m  [1m[34mSELECT "users".* FROM "users"[0m
  ↳ app/controllers/users_controller.rb:9:in `index'
Completed 200 OK in 12ms (Views: 6.7ms | ActiveRecord: 3.0ms | Allocations: 4851)


Started GET "/users" for ::1 at 2020-04-06 16:33:21 -0400
Processing by UsersController#index as */*
  Parameters: {"user"=>{"username"=>"someone", "password"=>"[FILTERED]"}}
  [1m[36mUser Load (0.3ms)[0m  [1m[34mSELECT "users".* FROM "users"[0m
  ↳ app/controllers/users_controller.rb:9:in `index'
Completed 200 OK in 12ms (Views: 6.8ms | ActiveRecord: 3.5ms | Allocations: 4718)


Started GET "/users/1" for ::1 at 2020-04-06 16:37:10 -0400
Processing by UsersController#show as */*
  Parameters: {"user"=>{"username"=>"someone", "password"=>"[FILTERED]"}, "id"=>"1"}
  [1m[36mUser Load (0.4ms)[0m  [1m[34mSELECT "users".* FROM "users" WHERE "users"."id" = $1 LIMIT $2[0m  [["id", 1], ["LIMIT", 1]]
  ↳ app/controllers/users_controller.rb:56:in `set_user'
  [1m[36mUser Load (0.3ms)[0m  [1m[34mSELECT "users".* FROM "users" WHERE "users"."id" = $1 LIMIT $2[0m  [["id", 1], ["LIMIT", 1]]
  ↳ app/controllers/application_controller.rb:22:in `get_current_user'
Completed 200 OK in 25ms (Views: 0.3ms | ActiveRecord: 3.6ms | Allocations: 5259)


  [1m[35m (0.2ms)[0m  [1m[35mBEGIN[0m
  [1m[36mUser Exists? (0.9ms)[0m  [1m[34mSELECT 1 AS one FROM "users" WHERE "users"."username" = $1 LIMIT $2[0m  [["username", "Gollum"], ["LIMIT", 1]]
  [1m[36mUser Create (0.5ms)[0m  [1m[32mINSERT INTO "users" ("username", "password_digest", "created_at", "updated_at") VALUES ($1, $2, $3, $4) RETURNING "id"[0m  [["username", "Gollum"], ["password_digest", "$2a$12$JBo/NpAF5ARhzbhFnNJ3buCFkqgBQw4etmmlnjAR.d.rf9Yk8gJgW"], ["created_at", "2020-04-06 20:42:33.288618"], ["updated_at", "2020-04-06 20:42:33.288618"]]
  [1m[35m (2.0ms)[0m  [1m[35mCOMMIT[0m
Started POST "/users/login" for ::1 at 2020-04-06 16:43:58 -0400
  [1m[35m (0.9ms)[0m  [1m[34mSELECT "schema_migrations"."version" FROM "schema_migrations" ORDER BY "schema_migrations"."version" ASC[0m
  
SyntaxError (/Users/johnnichol/Desktop/ceuTracker/ceuTracker_back_end/ceuTracker_api/app/controllers/users_controller.rb:88: syntax error, unexpected end-of-input, expecting end):
  
app/controllers/users_controller.rb:88: syntax error, unexpected end-of-input, expecting end
app/controllers/users_controller.rb:88: syntax error, unexpected end-of-input, expecting end
Started POST "/users/login" for ::1 at 2020-04-06 16:44:46 -0400
Processing by UsersController#login as */*
  Parameters: {"user"=>{"username"=>"Gollum", "password"=>"[FILTERED]"}}
  [1m[36mUser Load (0.4ms)[0m  [1m[34mSELECT "users".* FROM "users" WHERE "users"."username" = $1 LIMIT $2[0m  [["username", "Gollum"], ["LIMIT", 1]]
  ↳ app/controllers/users_controller.rb:27:in `login'
Completed 200 OK in 264ms (Views: 0.5ms | ActiveRecord: 5.4ms | Allocations: 5516)


Started GET "/users/2" for ::1 at 2020-04-06 16:45:49 -0400
Processing by UsersController#show as */*
  Parameters: {"user"=>{"username"=>"", "password"=>"[FILTERED]"}, "id"=>"2"}
  [1m[36mUser Load (0.3ms)[0m  [1m[34mSELECT "users".* FROM "users" WHERE "users"."id" = $1 LIMIT $2[0m  [["id", 2], ["LIMIT", 1]]
  ↳ app/controllers/users_controller.rb:64:in `set_user'
  [1m[36mUser Load (0.3ms)[0m  [1m[34mSELECT "users".* FROM "users" WHERE "users"."id" = $1 LIMIT $2[0m  [["id", 2], ["LIMIT", 1]]
  ↳ app/controllers/application_controller.rb:22:in `get_current_user'
  [1m[36mCACHE User Load (0.0ms)[0m  [1m[34mSELECT "users".* FROM "users" WHERE "users"."id" = $1 LIMIT $2[0m  [["id", 2], ["LIMIT", 1]]
  ↳ app/controllers/application_controller.rb:22:in `get_current_user'
  [1m[36mCACHE User Load (0.0ms)[0m  [1m[34mSELECT "users".* FROM "users" WHERE "users"."id" = $1 LIMIT $2[0m  [["id", 2], ["LIMIT", 1]]
  ↳ app/controllers/application_controller.rb:22:in `get_current_user'
Completed 200 OK in 7ms (Views: 0.4ms | ActiveRecord: 0.6ms | Allocations: 2660)


Started GET "/users/1" for ::1 at 2020-04-06 16:46:05 -0400
Processing by UsersController#show as */*
  Parameters: {"user"=>{"username"=>"", "password"=>"[FILTERED]"}, "id"=>"1"}
  [1m[36mUser Load (0.4ms)[0m  [1m[34mSELECT "users".* FROM "users" WHERE "users"."id" = $1 LIMIT $2[0m  [["id", 1], ["LIMIT", 1]]
  ↳ app/controllers/users_controller.rb:64:in `set_user'
  [1m[36mUser Load (0.4ms)[0m  [1m[34mSELECT "users".* FROM "users" WHERE "users"."id" = $1 LIMIT $2[0m  [["id", 2], ["LIMIT", 1]]
  ↳ app/controllers/application_controller.rb:22:in `get_current_user'
  [1m[36mCACHE User Load (0.0ms)[0m  [1m[34mSELECT "users".* FROM "users" WHERE "users"."id" = $1 LIMIT $2[0m  [["id", 2], ["LIMIT", 1]]
  ↳ app/controllers/application_controller.rb:22:in `get_current_user'
Filter chain halted as :authorize_user rendered or redirected
Completed 200 OK in 7ms (Views: 0.2ms | ActiveRecord: 0.7ms | Allocations: 1955)


Started GET "/users" for ::1 at 2020-04-07 11:45:33 -0400
  
PG::ConnectionBad (could not connect to server: No such file or directory
	Is the server running locally and accepting
	connections on Unix domain socket "/tmp/.s.PGSQL.5432"?
):
  
pg (1.2.3) lib/pg.rb:58:in `initialize'
pg (1.2.3) lib/pg.rb:58:in `new'
pg (1.2.3) lib/pg.rb:58:in `connect'
activerecord (6.0.2.2) lib/active_record/connection_adapters/postgresql_adapter.rb:46:in `postgresql_connection'
activerecord (6.0.2.2) lib/active_record/connection_adapters/abstract/connection_pool.rb:889:in `new_connection'
activerecord (6.0.2.2) lib/active_record/connection_adapters/abstract/connection_pool.rb:933:in `checkout_new_connection'
activerecord (6.0.2.2) lib/active_record/connection_adapters/abstract/connection_pool.rb:912:in `try_to_checkout_new_connection'
activerecord (6.0.2.2) lib/active_record/connection_adapters/abstract/connection_pool.rb:873:in `acquire_connection'
activerecord (6.0.2.2) lib/active_record/connection_adapters/abstract/connection_pool.rb:595:in `checkout'
activerecord (6.0.2.2) lib/active_record/connection_adapters/abstract/connection_pool.rb:439:in `connection'
activerecord (6.0.2.2) lib/active_record/connection_adapters/abstract/connection_pool.rb:1121:in `retrieve_connection'
activerecord (6.0.2.2) lib/active_record/connection_handling.rb:238:in `retrieve_connection'
activerecord (6.0.2.2) lib/active_record/connection_handling.rb:206:in `connection'
activerecord (6.0.2.2) lib/active_record/migration.rb:562:in `call'
actionpack (6.0.2.2) lib/action_dispatch/middleware/callbacks.rb:27:in `block in call'
activesupport (6.0.2.2) lib/active_support/callbacks.rb:101:in `run_callbacks'
actionpack (6.0.2.2) lib/action_dispatch/middleware/callbacks.rb:26:in `call'
actionpack (6.0.2.2) lib/action_dispatch/middleware/executor.rb:14:in `call'
actionpack (6.0.2.2) lib/action_dispatch/middleware/actionable_exceptions.rb:17:in `call'
actionpack (6.0.2.2) lib/action_dispatch/middleware/debug_exceptions.rb:32:in `call'
actionpack (6.0.2.2) lib/action_dispatch/middleware/show_exceptions.rb:33:in `call'
railties (6.0.2.2) lib/rails/rack/logger.rb:38:in `call_app'
railties (6.0.2.2) lib/rails/rack/logger.rb:26:in `block in call'
activesupport (6.0.2.2) lib/active_support/tagged_logging.rb:80:in `block in tagged'
activesupport (6.0.2.2) lib/active_support/tagged_logging.rb:28:in `tagged'
activesupport (6.0.2.2) lib/active_support/tagged_logging.rb:80:in `tagged'
railties (6.0.2.2) lib/rails/rack/logger.rb:26:in `call'
actionpack (6.0.2.2) lib/action_dispatch/middleware/remote_ip.rb:81:in `call'
actionpack (6.0.2.2) lib/action_dispatch/middleware/request_id.rb:27:in `call'
rack (2.2.2) lib/rack/runtime.rb:22:in `call'
activesupport (6.0.2.2) lib/active_support/cache/strategy/local_cache_middleware.rb:29:in `call'
actionpack (6.0.2.2) lib/action_dispatch/middleware/executor.rb:14:in `call'
actionpack (6.0.2.2) lib/action_dispatch/middleware/static.rb:126:in `call'
rack (2.2.2) lib/rack/sendfile.rb:110:in `call'
actionpack (6.0.2.2) lib/action_dispatch/middleware/host_authorization.rb:83:in `call'
railties (6.0.2.2) lib/rails/engine.rb:526:in `call'
puma (4.3.3) lib/puma/configuration.rb:228:in `call'
puma (4.3.3) lib/puma/server.rb:682:in `handle_request'
puma (4.3.3) lib/puma/server.rb:472:in `process_client'
puma (4.3.3) lib/puma/server.rb:328:in `block in run'
puma (4.3.3) lib/puma/thread_pool.rb:134:in `block in spawn_thread'
Started GET "/users" for ::1 at 2020-04-07 11:46:14 -0400
  [1m[35m (1.1ms)[0m  [1m[34mSELECT "schema_migrations"."version" FROM "schema_migrations" ORDER BY "schema_migrations"."version" ASC[0m
Processing by UsersController#index as HTML
Filter chain halted as :authenticate_token rendered or redirected
Completed 200 OK in 1ms (Views: 0.3ms | ActiveRecord: 0.0ms | Allocations: 219)


